make.exe all --print-data-base --no-builtin-variables --no-builtin-rules --question
make: *** No rule to make target 'all'.  Stop.

# GNU Make 4.3
# Built for Windows32
# Copyright (C) 1988-2020 Free Software Foundation, Inc.
# License GPLv3+: GNU GPL version 3 or later <http://gnu.org/licenses/gpl.html>
# This is free software: you are free to change and redistribute it.
# There is NO WARRANTY, to the extent permitted by law.

# Make data base, printed on Sat Jun 18 10:13:15 2022

# Variables

# environment
SYSTEMDRIVE = C:
# environment
JAVA_HOME = C:\Program Files\AdoptOpenJDK\jdk-11.0.10.9-hotspot
# environment
LC_ALL = C
# environment
USERPROFILE = C:\Users\lixin yang
# environment
VBOX_MSI_INSTALL_PATH = C:\Program Files\Oracle\VirtualBox\
# environment
LOCALAPPDATA = C:\Users\lixin yang\AppData\Local
# environment
VSCODE_IPC_HOOK_EXTHOST = \\.\pipe\vscode-ipc-9399eaab-945c-492d-ae7a-2cff45d21986-sock
# environment
PUB_HOSTED_URL = https://pub.flutter-io.cn
# environment
VSCODE_CWD = C:\Codefield\Projects
# environment
CHOCOLATEYINSTALL = C:\ProgramData\chocolatey
# environment
SYSTEMROOT = C:\Windows
# environment
PROCESSOR_LEVEL = 23
# environment
PSMODULEPATH = C:\Program Files\WindowsPowerShell\Modules;C:\Windows\system32\WindowsPowerShell\v1.0\Modules
# default
MAKE_COMMAND := C:/ProgramData/chocolatey/lib/make/tools/install/bin/make.exe
# environment
GOPATH = C:\Users\lixin yang\go
# automatic
@D = $(patsubst %/,%,$(patsubst %\,%,$(dir $@)))
# environment
CHROME_CRASHPAD_PIPE_NAME = \\.\pipe\crashpad_19736_DVDGXPJPLNIRMDKM
# environment
VSCODE_HANDLES_UNCAUGHT_ERRORS = true
# default
.VARIABLES := 
# automatic
%D = $(patsubst %/,%,$(patsubst %\,%,$(dir $%)))
# automatic
^D = $(patsubst %/,%,$(patsubst %\,%,$(dir $^)))
# environment
VSCODE_LOG_STACK = false
# automatic
%F = $(notdir $%)
# environment
VSCODE_CODE_CACHE_PATH = C:\Users\lixin yang\AppData\Roaming\Code\CachedData\30d9c6cd9483b2cc586687151bcbcd635f373630
# environment
LANG = C
# default
.LOADED := 
# environment
TMP = C:\Users\LIXINY~1\AppData\Local\Temp
# default
.INCLUDE_DIRS = .
# environment
PROCESSOR_ARCHITEW6432 = AMD64
# makefile
MAKEFLAGS = pqrR
# environment
ONEDRIVE = C:\Users\lixin yang\OneDrive
# makefile
CURDIR := c:/Codefield/Projects/douyin2
# environment
VSCODE_PIPE_LOGGING = true
# environment
MONGO = C:\Program Files\MongoDB\Server\5.0\bin
# environment
APPLICATION_INSIGHTS_NO_DIAGNOSTIC_CHANNEL = 1
# automatic
*D = $(patsubst %/,%,$(patsubst %\,%,$(dir $*)))
# environment
PROGRAMFILES = C:\Program Files (x86)
# environment
MFLAGS = -pqrR
# default
.SHELLFLAGS := -c
# environment
COMMONPROGRAMW6432 = C:\Program Files\Common Files
# automatic
+D = $(patsubst %/,%,$(patsubst %\,%,$(dir $+)))
# makefile (from 'Makefile', line 1)
MAKEFILE_LIST := Makefile
# automatic
@F = $(notdir $@)
# environment
VSCODE_VERBOSE_LOGGING = true
# environment
VSCODE_PID = 19736
# automatic
?D = $(patsubst %/,%,$(patsubst %\,%,$(dir $?)))
# automatic
*F = $(notdir $*)
# environment
MYSQL_HOMT = C:\Program Files\MySQL\MySQL Server 8.0\
# automatic
<D = $(patsubst %/,%,$(patsubst %\,%,$(dir $<)))
# environment
MYSQL_HOME = C:\Program Files\MySQL\MySQL Server 8.0
# environment
PROTO = C:\Users\lixin yang\Desktop\proto\bin
# environment
VSCODE_NLS_CONFIG = {"locale":"zh-cn","availableLanguages":{},"_languagePackSupport":true}
# default
MAKE_HOST := Windows32
# environment
PROGRAMDATA = C:\ProgramData
# default
SHELL := C:/Program Files/Git/bin/sh.exe
# environment
HOMEPATH = \Users\lixin yang
# default
MAKECMDGOALS := all
# environment
RUBYOPT = -Eutf-8
# environment
DRIVERDATA = C:\Windows\System32\Drivers\DriverData
# environment
COMSPEC = C:\Windows\system32\cmd.exe
# environment
WINDIR = C:\Windows
# environment
MAKELEVEL := 0
# default
MAKE = $(MAKE_COMMAND)
# environment
PATH = C:\Program Files\Go\bin;C:\Python\Scripts\;C:\Python\;C:\mingw-w64\x86_64-8.1.0-win32-seh-rt_v6-rev0\mingw64\bin;C:\ProgramData\chocolatey\bin;C:\Windows\System32\WindowsPowerShell\v1.0;C:\Program Files\Git\cmd;"C:\Windows\System32\WindowsPowerShell\v1.0;";C:\Windows\System32\bash;C:\Program Files\MySQL\bin;C:\Program Files\MySQL\MySQL Server 8.0\bin;C:\Program Files\nodejs\;C:\src\flutter\flutter\bin;C:\Program Files\Git\bin;C:\Windows\System32;C:\Program Files\Git\bin\git.exe;C:\Program Files\Git\cmd;C:\Program Files\Redis\redis-server.exe;C:\Users\lixin yang\swagger.exe;C:\Program Files\Docker\Docker\resources\bin;C:\ProgramData\DockerDesktop\version-bin;D:\mingw64\bin;C:\Users\lixin yang\flutter\bin;D:\develop\bin;C:\Program Files (x86)\Vim\vim82;C:\tools\neovim\nvim-win64\bin\;C:\Program Files\CMake\bin;E:\ctags;C:\Users\lixin yang\cloc;C:\Ruby31-x64\bin;C:\Program Files\Ruby31-x64\bin;C:\Users\lixin yang\scoop\shims;C:\Program Files\MySQL\MySQL Shell 8.0\bin\;C:\Ruby30-x64\bin;C:\Users\lixin yang\AppData\Local\Programs\Python\Python39\Scripts\;C:\Users\lixin yang\AppData\Local\Programs\Python\Python39\;C:\tools\ruby27\bin;D:\RubyInstaller\Ruby27-x64\bin;C:\Users\lixin yang\AppData\Local\Microsoft\WindowsApps;D:\vscode\Microsoft VS Code\bin;C:\Users\lixin yang\AppData\Local\GitHubDesktop\bin;C:\Users\lixin yang\AppData\Local\Yarn\bin;C:\Users\lixin yang\.dotnet\tools;C:\Users\lixin yang\AppData\Roaming\nvm;C:\Program Files\nodejs;C:\Users\lixin yang\go\bin;C:\Users\lixin yang\AppData\Roaming\npm;C:\Users\lixin yang\go\bin
# environment
COMPUTERNAME = LAPTOP-BB441EFS
# default
MAKEFILES := 
# automatic
^F = $(notdir $^)
# environment
PROMPT = $P$G
# environment
CHOCOLATEYLASTPATHUPDATE = 132633957185085949
# environment
GOBIN = C:\Users\lixin yang\go\bin
# environment
GOROOT = C:\Program Files\Go
# environment
LOGONSERVER = \\LAPTOP-BB441EFS
# environment
VSCODE_LOG_NATIVE = false
# environment
USERNAME = lixin yang
# environment
COMMONPROGRAMFILES = C:\Program Files (x86)\Common Files
# automatic
?F = $(notdir $?)
# environment
PROGRAMW6432 = C:\Program Files
# environment
VIM = C:\Program Files (x86)\Vim
# environment
PATHEXT = .COM;.EXE;.BAT;.CMD;.VBS;.VBE;.JS;.JSE;.WSF;.WSH;.MSC;.PY;.PYW;.RB;.RBW
# automatic
+F = $(notdir $+)
# environment
ORIGINAL_XDG_CURRENT_DESKTOP = undefined
# environment
USERDOMAIN = LAPTOP-BB441EFS
# 'override' directive
GNUMAKEFLAGS := 
# environment
OS = Windows_NT
# environment
__COMPAT_LAYER = DetectorsAppHealth
# makefile
.DEFAULT_GOAL := run
# environment
NVM_HOME = C:\Users\lixin yang\AppData\Roaming\nvm
# default
MAKE_VERSION := 4.3
# environment
PROGRAMFILES(X86) = C:\Program Files (x86)
# environment
USERDOMAIN_ROAMINGPROFILE = LAPTOP-BB441EFS
# environment
NUMBER_OF_PROCESSORS = 12
# environment
PUBLIC = C:\Users\Public
# environment
APPDATA = C:\Users\lixin yang\AppData\Roaming
# environment
HOMEDRIVE = C:
# environment
NVM_SYMLINK = C:\Program Files\nodejs
# environment
PROCESSOR_ARCHITECTURE = x86
# environment
GOMODCACHE = C:\Users\lixin yang\go\pkg\mod
# environment
VSCODE_AMD_ENTRYPOINT = vs/workbench/api/node/extensionHostProcess
# environment
FLUTTER_STORAGE_BASE_URL = https://storage.flutter-io.cn
# environment
COMMONPROGRAMFILES(X86) = C:\Program Files (x86)\Common Files
# environment
ELECTRON_RUN_AS_NODE = 1
# environment
TEMP = C:\Users\LIXINY~1\AppData\Local\Temp
# environment
VSCODE_IPC_HOOK = \\.\pipe\e8b24bcc5d59d5a9d03060d2ad969aa0-1.68.1-main-sock
# environment
GOPROXY = https://goproxy.cn,direct
# default
.RECIPEPREFIX := 
# automatic
<F = $(notdir $<)
# default
SUFFIXES := 
# environment
ALLUSERSPROFILE = C:\ProgramData
# environment
SESSIONNAME = Console
# default
.FEATURES := target-specific order-only second-expansion else-if shortest-stem undefine oneshell nocomment grouped-target extra-prereqs archives jobserver output-sync load
# environment
PROCESSOR_REVISION = 6001
# environment
CHOCOLATEYTOOLSLOCATION = C:\tools
# environment
PROCESSOR_IDENTIFIER = AMD64 Family 23 Model 96 Stepping 1, AuthenticAMD
# variable set hash-table stats:
# Load=113/1024=11%, Rehash=0, Collisions=8/139=6%

# Pattern-specific Variable Values

# No pattern-specific variable values.

# Directories

# . (key c:/Codefield/Projects/douyin2, mtime 1655518393): 17 files, no impossibilities.

# 17 files, no impossibilities in 1 directories.

# Implicit Rules

# No implicit rules.

# Files

# Not a target:
Makefile:
#  Implicit rule search has been done.
#  Last modified 2022-06-12 21:45:48
#  File has been updated.
#  Successfully updated.

clean:
#  Implicit rule search has not been done.
#  Modification time never checked.
#  File has not been updated.
#  recipe to execute (from 'Makefile', line 10):
	rm demo.exe

# Not a target:
.DEFAULT:
#  Implicit rule search has not been done.
#  Modification time never checked.
#  File has not been updated.

# Not a target:
all:
#  Command line target.
#  Implicit rule search has been done.
#  File does not exist.
#  File has not been updated.

run:
#  Implicit rule search has not been done.
#  Modification time never checked.
#  File has not been updated.
#  recipe to execute (from 'Makefile', line 4):
	go run main.go

build:
#  Implicit rule search has not been done.
#  Modification time never checked.
#  File has not been updated.
#  recipe to execute (from 'Makefile', line 7):
	go build -o demo.exe

# files hash-table stats:
# Load=7/1024=1%, Rehash=0, Collisions=0/17=0%
# VPATH Search Paths

# No 'vpath' search paths.

# No general ('VPATH' variable) search path.

# strcache buffers: 1 (0) / strings = 23 / storage = 154 B / avg = 6 B
# current buf: size = 8174 B / used = 154 B / count = 23 / avg = 6 B

# strcache performance: lookups = 30 / hit rate = 23%
# hash-table stats:
# Load=23/8192=0%, Rehash=0, Collisions=0/30=0%
# Finished Make data base on Sat Jun 18 10:13:15 2022

 
